Flow report for MIC2
Fri Nov 19 11:31:33 2010
Quartus II Version 8.0 Build 215 05/29/2008 SJ Web Edition


---------------------
; Table of Contents ;
---------------------
  1. Legal Notice
  2. Flow Summary
  3. Flow Settings
  4. Flow Non-Default Global Settings
  5. Flow Elapsed Time
  6. Flow Log



----------------
; Legal Notice ;
----------------
Copyright (C) 1991-2008 Altera Corporation
Your use of Altera Corporation's design tools, logic functions 
and other software and tools, and its AMPP partner logic 
functions, and any output files from any of the foregoing 
(including device programming or simulation files), and any 
associated documentation or information are expressly subject 
to the terms and conditions of the Altera Program License 
Subscription Agreement, Altera MegaCore Function License 
Agreement, or other applicable license agreement, including, 
without limitation, that your use is for the sole purpose of 
programming logic devices manufactured by Altera and sold by 
Altera or its authorized distributors.  Please refer to the 
applicable agreement for further details.



+-------------------------------------------------------------------------+
; Flow Summary                                                            ;
+-------------------------------+-----------------------------------------+
; Flow Status                   ; Successful - Fri Nov 19 11:30:25 2010   ;
; Quartus II Version            ; 8.0 Build 215 05/29/2008 SJ Web Edition ;
; Revision Name                 ; MIC2                                    ;
; Top-level Entity Name         ; MIC2                                    ;
; Family                        ; Stratix II                              ;
; Met timing requirements       ; No                                      ;
; Logic utilization             ; 30 %                                    ;
;     Combinational ALUTs       ; 3,005 / 12,480 ( 24 % )                 ;
;     Dedicated logic registers ; 1,491 / 12,480 ( 12 % )                 ;
; Total registers               ; 1491                                    ;
; Total pins                    ; 307 / 343 ( 90 % )                      ;
; Total virtual pins            ; 0                                       ;
; Total block memory bits       ; 22,528 / 419,328 ( 5 % )                ;
; DSP block 9-bit elements      ; 8 / 96 ( 8 % )                          ;
; Total PLLs                    ; 0 / 6 ( 0 % )                           ;
; Total DLLs                    ; 0 / 2 ( 0 % )                           ;
; Device                        ; EP2S15F484C3                            ;
; Timing Models                 ; Final                                   ;
+-------------------------------+-----------------------------------------+


+-----------------------------------------+
; Flow Settings                           ;
+-------------------+---------------------+
; Option            ; Setting             ;
+-------------------+---------------------+
; Start date & time ; 11/19/2010 11:26:18 ;
; Main task         ; Compilation         ;
; Revision Name     ; MIC2                ;
+-------------------+---------------------+


+-------------------------------------------------------------------------------------------------------------+
; Flow Non-Default Global Settings                                                                            ;
+------------------------------------+-----------------------------+---------------+-------------+------------+
; Assignment Name                    ; Value                       ; Default Value ; Entity Name ; Section Id ;
+------------------------------------+-----------------------------+---------------+-------------+------------+
; COMPILER_SIGNATURE_ID              ; 93136006674.129017677801312 ; --            ; --          ; --         ;
; IP_TOOL_NAME                       ; LPM_ROM                     ; --            ; --          ; --         ;
; IP_TOOL_NAME                       ; LPM_ROM                     ; --            ; --          ; --         ;
; IP_TOOL_VERSION                    ; 8.0                         ; --            ; --          ; --         ;
; IP_TOOL_VERSION                    ; 8.0                         ; --            ; --          ; --         ;
; MISC_FILE                          ; lpm_rom0.bsf                ; --            ; --          ; --         ;
; MISC_FILE                          ; lpm_rom0_bb.v               ; --            ; --          ; --         ;
; MISC_FILE                          ; lpm_rom1.bsf                ; --            ; --          ; --         ;
; MISC_FILE                          ; lpm_rom1_bb.v               ; --            ; --          ; --         ;
; PARTITION_COLOR                    ; 14622752                    ; --            ; --          ; Top        ;
; PARTITION_NETLIST_TYPE             ; SOURCE                      ; --            ; --          ; Top        ;
; USE_GENERATED_PHYSICAL_CONSTRAINTS ; Off                         ; --            ; --          ; eda_palace ;
+------------------------------------+-----------------------------+---------------+-------------+------------+


+-----------------------------------------------------------------------------------------------------------------------------+
; Flow Elapsed Time                                                                                                           ;
+-------------------------+--------------+-------------------------+---------------------+------------------------------------+
; Module Name             ; Elapsed Time ; Average Processors Used ; Peak Virtual Memory ; Total CPU Time (on all processors) ;
+-------------------------+--------------+-------------------------+---------------------+------------------------------------+
; Analysis & Synthesis    ; 00:02:27     ; 1.0                     ; 256 MB              ; 00:02:16                           ;
; Fitter                  ; 00:01:01     ; 1.0                     ; 283 MB              ; 00:00:58                           ;
; Assembler               ; 00:00:07     ; 1.0                     ; 234 MB              ; 00:00:07                           ;
; Classic Timing Analyzer ; 00:00:09     ; 1.0                     ; 207 MB              ; 00:00:08                           ;
; Total                   ; 00:03:44     ; --                      ; --                  ; 00:03:29                           ;
+-------------------------+--------------+-------------------------+---------------------+------------------------------------+


------------
; Flow Log ;
------------
quartus_map --read_settings_files=on --write_settings_files=off MIC2 -c MIC2
quartus_fit --read_settings_files=off --write_settings_files=off MIC2 -c MIC2
quartus_asm --read_settings_files=off --write_settings_files=off MIC2 -c MIC2
quartus_tan --read_settings_files=off --write_settings_files=off MIC2 -c MIC2 --timing_analysis_only



